<?xml version="1.0" encoding="UTF-8"?>
<!-- Generated by org.testng.reporters.JUnitReportReporter -->
<testsuite hostname="DESKTOP-CVL2K4K" failures="0" tests="1" name="runner.TC_003_LoginWithCucumber" time="6.838" errors="0" timestamp="2025-01-28T10:02:02 IST" skipped="0">
  <testcase classname="runner.TC_003_LoginWithCucumber" name="runScenario" time="6.838"/>
  <system-out/>
</testsuite> <!-- runner.TC_003_LoginWithCucumber -->
