<?xml version="1.0" encoding="UTF-8"?>
<!-- Generated by org.testng.reporters.JUnitReportReporter -->
<testsuite hostname="DESKTOP-CVL2K4K" failures="0" tests="2" name="runner.LogOut" time="15.878" errors="0" timestamp="2025-01-27T12:16:26 IST" skipped="0">
  <testcase classname="runner.LogOut" name="logOut" time="8.344"/>
  <system-out/>
  <testcase classname="runner.LogOut" name="logOut" time="7.534"/>
  <system-out/>
</testsuite> <!-- runner.LogOut -->
