<?xml version="1.0" encoding="UTF-8"?>
<!-- Generated by org.testng.reporters.JUnitReportReporter -->
<testsuite hostname="DESKTOP-CVL2K4K" failures="0" tests="2" name="runner.TC_001_CreateLeads" time="18.048" errors="0" timestamp="2025-01-27T12:36:28 IST" skipped="0">
  <testcase classname="runner.TC_001_CreateLeads" name="createLeads" time="7.902"/>
  <system-out/>
  <testcase classname="runner.TC_001_CreateLeads" name="createLeads" time="10.146"/>
  <system-out/>
</testsuite> <!-- runner.TC_001_CreateLeads -->
