<?xml version="1.0" encoding="UTF-8"?>
<!-- Generated by org.testng.reporters.JUnitReportReporter -->
<testsuite hostname="DESKTOP-CVL2K4K" failures="0" tests="2" name="runner.TC_002_LogOut" time="12.795" errors="0" timestamp="2025-01-30T18:53:19 IST" skipped="0">
  <testcase classname="runner.TC_002_LogOut" name="logOut" time="6.363"/>
  <system-out/>
  <testcase classname="runner.TC_002_LogOut" name="logOut" time="6.432"/>
  <system-out/>
</testsuite> <!-- runner.TC_002_LogOut -->
