<?xml version="1.0" encoding="UTF-8"?>
<!-- Generated by org.testng.reporters.JUnitReportReporter -->
<testsuite hostname="DESKTOP-CVL2K4K" failures="0" tests="2" name="runner.TC_001_LoginPage" time="18.157" errors="0" timestamp="2025-01-30T18:53:19 IST" skipped="0">
  <testcase classname="runner.TC_001_LoginPage" name="loginPageCheck" time="8.831"/>
  <system-out/>
  <testcase classname="runner.TC_001_LoginPage" name="loginPageCheck" time="9.326"/>
  <system-out/>
</testsuite> <!-- runner.TC_001_LoginPage -->
