<?xml version="1.0" encoding="UTF-8"?>
<!-- Generated by org.testng.reporters.JUnitReportReporter -->
<testsuite hostname="DESKTOP-CVL2K4K" failures="0" tests="1" name="runner.TC_004_CreateLead" time="13.577" errors="0" timestamp="2025-01-30T18:53:19 IST" skipped="0">
  <testcase classname="runner.TC_004_CreateLead" name="createLead" time="13.577"/>
  <system-out/>
</testsuite> <!-- runner.TC_004_CreateLead -->
